[scooti] Preparing scEmbryo quickstart configs under /home/daweilin/sriram-lab/SCOOTI/examples/quickstart/_archive_scEmbryo
[scooti] 1/2 Inference (scEmbryo)
testing bug...
[device] torch not available or failed to import: No module named 'torch'. Using CPU
Start processing the unconstrained models...
Start processing the unconstrained models...
Returning reaction fluxes...
Finishing up the data loading of unconstrained models...
Start processing the constrained models...
False
Ordinary constrained models
Start processing the data of constrained models...
Start collecting filenames...
  0%|          | 0/242 [00:00<?, ?it/s]100%|██████████| 242/242 [00:00<00:00, 11513.79it/s]
Start merging tables
  0%|          | 0/121 [00:00<?, ?it/s] 25%|██▍       | 30/121 [00:00<00:00, 296.98it/s] 50%|████▉     | 60/121 [00:00<00:00, 292.50it/s] 74%|███████▍  | 90/121 [00:00<00:00, 291.48it/s] 99%|█████████▉| 120/121 [00:00<00:00, 290.81it/s]100%|██████████| 121/121 [00:00<00:00, 291.48it/s]
debug 175.09891726069444
              2C_to_32cell_embryo4_5_k0.1_r0.01  ...  2C_to_32cell_embryoMixed_17_k0.1_r0.01
rxns                                             ...                                        
10FTHF5GLUtl                                0.0  ...                                     0.0
10FTHF5GLUtm                                0.0  ...                                     0.0
10FTHF6GLUtl                                0.0  ...                                     0.0
10FTHF6GLUtm                                0.0  ...                                     0.0
10FTHF7GLUtl                                0.0  ...                                     0.0
...                                         ...  ...                                     ...
EX_KAC                                      0.0  ...                                     0.0
EX_KACcoa                                   0.0  ...                                     0.0
acl_n                                       0.0  ...                                     0.0
oaa_nt                                      0.0  ...                                     0.0
cit_nt                                     -0.0  ...                                    -0.0

[3757 rows x 121 columns]
Finishing up loading the constrained models...
Start loading models...
(3757, 52) (3757, 121)
Check the size of the models: (1480, 52) (1480, 121)
(1480, 52) (1480, 121)
/home/daweilin/sriram-lab/SCOOTI/examples/quickstart/_archive_scEmbryo/out/regression_models//flux_rfelm_scembryo_quickstart_cfr_True_False_recon1_KSOM_k[0.1]_rho[0.01].csv
Start training regression models...
Mapping...
  0%|          | 0/121 [00:00<?, ?it/s]100%|██████████| 121/121 [00:00<00:00, 656546.94it/s]
fitting linear meta model...
(5, 1)
(52, 1)
fitting linear meta model...
(5, 1)
(52, 1)
fitting linear meta model...
(5, 1)
(52, 1)
fitting linear meta model...
(5, 1)
(52, 1)
fitting linear meta model...
(5, 1)
(52, 1)
fitting linear meta model...
(5, 1)
(52, 1)
fitting linear meta model...
(5, 1)
(52, 1)
fitting linear meta model...
(5, 1)
(52, 1)
fitting linear meta model...
(5, 1)
(52, 1)
fitting linear meta model...
(5, 1)
(52, 1)
fitting linear meta model...
(5, 1)
(52, 1)
fitting linear meta model...
(5, 1)
(52, 1)
fitting linear meta model...
(5, 1)
(52, 1)
fitting linear meta model...
(5, 1)
(52, 1)
fitting linear meta model...
(5, 1)
(52, 1)
fitting linear meta model...
(5, 1)
(52, 1)
fitting linear meta model...
(5, 1)
(52, 1)
fitting linear meta model...
(5, 1)
(52, 1)
fitting linear meta model...
(5, 1)
(52, 1)
fitting linear meta model...
(5, 1)
(52, 1)
fitting linear meta model...
(5, 1)
(52, 1)
fitting linear meta model...
(5, 1)
(52, 1)
fitting linear meta model...
(5, 1)
(52, 1)
fitting linear meta model...
(5, 1)
(52, 1)
fitting linear meta model...
(5, 1)
(52, 1)
fitting linear meta model...
(5, 1)
(52, 1)
fitting linear meta model...
(5, 1)
(52, 1)
fitting linear meta model...
(5, 1)
(52, 1)
fitting linear meta model...
(5, 1)
(52, 1)
fitting linear meta model...
(5, 1)
(52, 1)
fitting linear meta model...
(5, 1)
(52, 1)
fitting linear meta model...
(5, 1)
(52, 1)
fitting linear meta model...
(5, 1)
(52, 1)
fitting linear meta model...
(5, 1)
(52, 1)
fitting linear meta model...
(5, 1)
(52, 1)
fitting linear meta model...
(5, 1)
(52, 1)
fitting linear meta model...
(5, 1)
(52, 1)
fitting linear meta model...
(5, 1)
(52, 1)
fitting linear meta model...
(5, 1)
(52, 1)
fitting linear meta model...
(5, 1)
(52, 1)
fitting linear meta model...
(5, 1)
(52, 1)
fitting linear meta model...
(5, 1)
(52, 1)
fitting linear meta model...
(5, 1)
(52, 1)
fitting linear meta model...
(5, 1)
(52, 1)
fitting linear meta model...
(5, 1)
(52, 1)
fitting linear meta model...
(5, 1)
(52, 1)
fitting linear meta model...
(5, 1)
(52, 1)
fitting linear meta model...
(5, 1)
(52, 1)
fitting linear meta model...
(5, 1)
(52, 1)
fitting linear meta model...
(5, 1)
(52, 1)
fitting linear meta model...
(5, 1)
(52, 1)
fitting linear meta model...
(5, 1)
(52, 1)
fitting linear meta model...
(5, 1)
(52, 1)
fitting linear meta model...
(5, 1)
(52, 1)
fitting linear meta model...
(5, 1)
(52, 1)
fitting linear meta model...
(5, 1)
(52, 1)
fitting linear meta model...
(5, 1)
(52, 1)
fitting linear meta model...
(5, 1)
(52, 1)
fitting linear meta model...
(5, 1)
(52, 1)
fitting linear meta model...
(5, 1)
(52, 1)
fitting linear meta model...
(5, 1)
(52, 1)
fitting linear meta model...
(5, 1)
(52, 1)
fitting linear meta model...
(5, 1)
(52, 1)
fitting linear meta model...
(5, 1)
(52, 1)
fitting linear meta model...
(5, 1)
(52, 1)
fitting linear meta model...
(5, 1)
(52, 1)
fitting linear meta model...
(5, 1)
(52, 1)
fitting linear meta model...
(5, 1)
(52, 1)
fitting linear meta model...
(5, 1)
(52, 1)
fitting linear meta model...
(5, 1)
(52, 1)
fitting linear meta model...
(5, 1)
(52, 1)
fitting linear meta model...
(5, 1)
(52, 1)
fitting linear meta model...
(5, 1)
(52, 1)
fitting linear meta model...
(5, 1)
(52, 1)
fitting linear meta model...
(5, 1)
(52, 1)
fitting linear meta model...
(5, 1)
(52, 1)
fitting linear meta model...
(5, 1)
(52, 1)
fitting linear meta model...
(5, 1)
(52, 1)
fitting linear meta model...
(5, 1)
(52, 1)
fitting linear meta model...
(5, 1)
(52, 1)
fitting linear meta model...
(5, 1)
(52, 1)
fitting linear meta model...
(5, 1)
(52, 1)
fitting linear meta model...
(5, 1)
(52, 1)
fitting linear meta model...
(5, 1)
(52, 1)
fitting linear meta model...
(5, 1)
(52, 1)
fitting linear meta model...
(5, 1)
(52, 1)
fitting linear meta model...
(5, 1)
(52, 1)
fitting linear meta model...
(5, 1)
(52, 1)
fitting linear meta model...
(5, 1)
(52, 1)
fitting linear meta model...
(5, 1)
(52, 1)
fitting linear meta model...
(5, 1)
(52, 1)
fitting linear meta model...
(5, 1)
(52, 1)
fitting linear meta model...
(5, 1)
(52, 1)
fitting linear meta model...
(5, 1)
(52, 1)
fitting linear meta model...
(5, 1)
(52, 1)
fitting linear meta model...
(5, 1)
(52, 1)
fitting linear meta model...
(5, 1)
(52, 1)
fitting linear meta model...
(5, 1)
(52, 1)
fitting linear meta model...
(5, 1)
(52, 1)
fitting linear meta model...
(5, 1)
(52, 1)
fitting linear meta model...
(5, 1)
(52, 1)
fitting linear meta model...
(5, 1)
(52, 1)
fitting linear meta model...
(5, 1)
(52, 1)
fitting linear meta model...
(5, 1)
(52, 1)
fitting linear meta model...
(5, 1)
(52, 1)
fitting linear meta model...
(5, 1)
(52, 1)
fitting linear meta model...
(5, 1)
(52, 1)
fitting linear meta model...
(5, 1)
(52, 1)
fitting linear meta model...
(5, 1)
(52, 1)
fitting linear meta model...
(5, 1)
(52, 1)
fitting linear meta model...
(5, 1)
(52, 1)
fitting linear meta model...
(5, 1)
(52, 1)
fitting linear meta model...
(5, 1)
(52, 1)
fitting linear meta model...
(5, 1)
(52, 1)
fitting linear meta model...
(5, 1)
(52, 1)
fitting linear meta model...
(5, 1)
(52, 1)
fitting linear meta model...
(5, 1)
(52, 1)
fitting linear meta model...
(5, 1)
(52, 1)
fitting linear meta model...
(5, 1)
(52, 1)
fitting linear meta model...
(5, 1)
(52, 1)
fitting linear meta model...
(5, 1)
(52, 1)
[scooti] 2/2 Analysis (scEmbryo)
